2022-06-04 20:41:46.110  INFO 10256 --- [restartedMain] m.e.ElasticsearchHotelFinalApplication   : Starting ElasticsearchHotelFinalApplication using Java 16.0.2 on mao with PID 10256 (H:\程序\大三下期\elasticsearch_hotel_final\target\classes started by mao in H:\程序\大三下期\elasticsearch_hotel_final)
2022-06-04 20:41:46.111 DEBUG 10256 --- [restartedMain] m.e.ElasticsearchHotelFinalApplication   : Running with Spring Boot v2.7.0, Spring v5.3.20
2022-06-04 20:41:46.111  INFO 10256 --- [restartedMain] m.e.ElasticsearchHotelFinalApplication   : The following 1 profile is active: "dev"
2022-06-04 20:41:46.144  INFO 10256 --- [restartedMain] .e.DevToolsPropertyDefaultsPostProcessor : Devtools property defaults active! Set 'spring.devtools.add-properties' to 'false' to disable
2022-06-04 20:41:46.145  INFO 10256 --- [restartedMain] .e.DevToolsPropertyDefaultsPostProcessor : For additional web related logging consider setting the 'logging.level.web' property to 'DEBUG'
2022-06-04 20:41:47.025  INFO 10256 --- [restartedMain] o.s.b.w.embedded.tomcat.TomcatWebServer  : Tomcat initialized with port(s): 8089 (http)
2022-06-04 20:41:47.038  INFO 10256 --- [restartedMain] o.apache.catalina.core.StandardService   : Starting service [Tomcat]
2022-06-04 20:41:47.038  INFO 10256 --- [restartedMain] org.apache.catalina.core.StandardEngine  : Starting Servlet engine: [Apache Tomcat/9.0.63]
2022-06-04 20:41:47.117  INFO 10256 --- [restartedMain] o.a.c.c.C.[Tomcat].[localhost].[/]       : Initializing Spring embedded WebApplicationContext
2022-06-04 20:41:47.118  INFO 10256 --- [restartedMain] w.s.c.ServletWebServerApplicationContext : Root WebApplicationContext: initialization completed in 973 ms
2022-06-04 20:41:47.189  INFO 10256 --- [restartedMain] c.a.d.s.b.a.DruidDataSourceAutoConfigure : Init DruidDataSource
2022-06-04 20:41:47.287  INFO 10256 --- [restartedMain] com.alibaba.druid.pool.DruidDataSource   : {dataSource-1} inited
2022-06-04 20:41:47.902  INFO 10256 --- [restartedMain] o.s.b.a.w.s.WelcomePageHandlerMapping    : Adding welcome page: class path resource [static/index.html]
2022-06-04 20:41:48.146  INFO 10256 --- [restartedMain] o.s.b.d.a.OptionalLiveReloadServer       : LiveReload server is running on port 35729
2022-06-04 20:41:48.234  INFO 10256 --- [restartedMain] o.s.b.w.embedded.tomcat.TomcatWebServer  : Tomcat started on port(s): 8089 (http) with context path ''
2022-06-04 20:41:48.236  INFO 10256 --- [restartedMain] o.s.a.r.c.CachingConnectionFactory       : Attempting to connect to: [127.0.0.1:5672]
2022-06-04 20:41:48.256  INFO 10256 --- [restartedMain] o.s.a.r.c.CachingConnectionFactory       : Created new connection: rabbitConnectionFactory#6a612eb6:0/SimpleConnection@c8d3d5 [delegate=amqp://admin@127.0.0.1:5672/, localPort= 64265]
2022-06-04 20:41:48.260  INFO 10256 --- [restartedMain] o.s.amqp.rabbit.core.RabbitAdmin         : Auto-declaring a non-durable or auto-delete Exchange (hotel.exchange) durable:false, auto-delete:false. It will be deleted by the broker if it shuts down, and can be redeclared by closing and reopening the connection.
2022-06-04 20:41:48.260  INFO 10256 --- [restartedMain] o.s.amqp.rabbit.core.RabbitAdmin         : Auto-declaring a non-durable, auto-delete, or exclusive Queue (hotel.insert.queue) durable:false, auto-delete:false, exclusive:false. It will be redeclared if the broker stops and is restarted while the connection factory is alive, but all messages will be lost.
2022-06-04 20:41:48.260  INFO 10256 --- [restartedMain] o.s.amqp.rabbit.core.RabbitAdmin         : Auto-declaring a non-durable, auto-delete, or exclusive Queue (hotel.delete.queue) durable:false, auto-delete:false, exclusive:false. It will be redeclared if the broker stops and is restarted while the connection factory is alive, but all messages will be lost.
2022-06-04 20:41:48.306  INFO 10256 --- [restartedMain] m.e.ElasticsearchHotelFinalApplication   : Started ElasticsearchHotelFinalApplication in 2.567 seconds (JVM running for 3.389)
2022-06-04 20:41:56.402  INFO 10256 --- [http-nio-8089-exec-1] o.a.c.c.C.[Tomcat].[localhost].[/]       : Initializing Spring DispatcherServlet 'dispatcherServlet'
2022-06-04 20:41:56.402  INFO 10256 --- [http-nio-8089-exec-1] o.s.web.servlet.DispatcherServlet        : Initializing Servlet 'dispatcherServlet'
2022-06-04 20:41:56.403  INFO 10256 --- [http-nio-8089-exec-1] o.s.web.servlet.DispatcherServlet        : Completed initialization in 1 ms
2022-06-04 20:43:36.520  INFO 10256 --- [org.springframework.amqp.rabbit.RabbitListenerEndpointContainer#0-2] o.s.a.r.l.SimpleMessageListenerContainer : Waiting for workers to finish.
2022-06-04 20:43:36.521  INFO 10256 --- [org.springframework.amqp.rabbit.RabbitListenerEndpointContainer#1-2] o.s.a.r.l.SimpleMessageListenerContainer : Waiting for workers to finish.
2022-06-04 20:43:37.350  INFO 10256 --- [org.springframework.amqp.rabbit.RabbitListenerEndpointContainer#0-2] o.s.a.r.l.SimpleMessageListenerContainer : Successfully waited for workers to finish.
2022-06-04 20:43:37.350  INFO 10256 --- [org.springframework.amqp.rabbit.RabbitListenerEndpointContainer#1-2] o.s.a.r.l.SimpleMessageListenerContainer : Successfully waited for workers to finish.
2022-06-04 20:43:37.380  INFO 10256 --- [SpringApplicationShutdownHook] o.s.a.r.l.SimpleMessageListenerContainer : Shutdown ignored - container is already stopped
2022-06-04 20:43:37.380  INFO 10256 --- [SpringApplicationShutdownHook] o.s.a.r.l.SimpleMessageListenerContainer : Shutdown ignored - container is already stopped
2022-06-04 20:43:37.385  INFO 10256 --- [SpringApplicationShutdownHook] com.alibaba.druid.pool.DruidDataSource   : {dataSource-1} closing ...
2022-06-04 20:43:37.387  INFO 10256 --- [SpringApplicationShutdownHook] com.alibaba.druid.pool.DruidDataSource   : {dataSource-1} closed
